<?xml version="1.0" encoding="utf-8"?><testsuites name="pytest tests"><testsuite name="pytest" errors="0" failures="0" skipped="0" tests="24" time="7.296" timestamp="2026-08-16T06:00:06.211050+00:00" hostname="agent-env-f2366d93-abd1-4455-a5cd-4c4a10020ebe"><testcase classname="tests.test_academy.TestAuth" name="test_login_admin" time="0.582" /><testcase classname="tests.test_academy.TestPublic" name="test_track_pending" time="0.247" /><testcase classname="tests.test_academy.TestPublic" name="test_track_rejected" time="0.227" /><testcase classname="tests.test_academy.TestPublic" name="test_track_missing" time="0.086" /><testcase classname="tests.test_academy.TestPublic" name="test_submit_application" time="0.328" /><testcase classname="tests.test_academy.TestAuth" name="test_login_bad_password" time="0.349" /><testcase classname="tests.test_academy.TestPublic" name="test_submit_missing_required" time="0.118" /><testcase classname="tests.test_academy.TestAuth" name="test_unauth_admin_endpoint" time="0.103" /><testcase classname="tests.test_academy.TestTeacherPortal" name="test_guitar_teacher_sees_only_own" time="0.577" /><testcase classname="tests.test_academy.TestAuth" name="test_student_forbidden_on_admin" time="0.536" /><testcase classname="tests.test_academy.TestAuth" name="test_admin_forbidden_on_teacher" time="0.543" /><testcase classname="tests.test_academy.TestTeacherPortal" name="test_guitar_teacher_forbidden_other_batch" time="0.599" /><testcase classname="tests.test_academy.TestAuth" name="test_logout" time="0.622" /><testcase classname="tests.test_academy.TestTeacherPortal" name="test_guitar_roster_and_mark" time="0.582" /><testcase classname="tests.test_academy.TestApproveReject" name="test_approve_creates_student_and_login" time="1.398" /><testcase classname="tests.test_academy.TestFees" name="test_filter_and_pay" time="0.871" /><testcase classname="tests.test_academy.TestFees" name="test_generate_second_sunday" time="0.542" /><testcase classname="tests.test_academy.TestApproveReject" name="test_reject_flow" time="0.904" /><testcase classname="tests.test_academy.TestTeachers" name="test_add_and_toggle_teacher" time="0.779" /><testcase classname="tests.test_academy.TestBatches" name="test_add_batch" time="0.931" /><testcase classname="tests.test_academy.TestAdminDashboard" name="test_dashboard" time="0.511" /><testcase classname="tests.test_academy.TestAttendance" name="test_admin_save_attendance" time="0.406" /><testcase classname="tests.test_academy.TestStudent" name="test_student_me" time="0.373" /><testcase classname="tests.test_academy" name="test_session_persists_across_requests" time="0.400" /></testsuite></testsuites>