<?xml version="1.0" encoding="utf-8"?><testsuites name="pytest tests"><testsuite name="pytest" errors="0" failures="0" skipped="0" tests="4" time="3.219" timestamp="2026-08-15T05:38:40.572983+00:00" hostname="agent-env-f2366d93-abd1-4455-a5cd-4c4a10020ebe"><testcase classname="tests.test_core" name="test_auth_and_protected_endpoints" time="1.240" /><testcase classname="tests.test_core" name="test_core_data_shapes_and_filters" time="0.547" /><testcase classname="tests.test_core" name="test_attendance_save_and_fee_payment" time="0.533" /><testcase classname="tests.test_core" name="test_logout_clears_session" time="0.383" /></testsuite></testsuites>